<?xml version="1.0" encoding="UTF-8"?>
<testng-results skipped="0" failed="0" ignored="0" total="1" passed="1">
  <reporter-output>
  </reporter-output>
  <suite name="Default suite" duration-ms="68" started-at="2020-03-03T18:29:07Z" finished-at="2020-03-03T18:29:07Z">
    <groups>
    </groups>
    <test name="Default test" duration-ms="68" started-at="2020-03-03T18:29:07Z" finished-at="2020-03-03T18:29:07Z">
      <class name="com.Test_Cases.AddItem_IntoCart_Test">
        <test-method status="PASS" signature="raj()[pri:0, instance:com.Test_Cases.AddItem_IntoCart_Test@3632be31]" name="raj" duration-ms="21" started-at="2020-03-03T23:59:07Z" finished-at="2020-03-03T23:59:07Z">
          <reporter-output>
          </reporter-output>
        </test-method> <!-- raj -->
      </class> <!-- com.Test_Cases.AddItem_IntoCart_Test -->
    </test> <!-- Default test -->
  </suite> <!-- Default suite -->
</testng-results>
